This is pdfTeX, Version 3.14159265-2.6-1.40.19 (TeX Live 2018/Arch Linux) (preloaded format=pdflatex 2019.4.1)  6 APR 2019 12:26
entering extended mode
 restricted \write18 enabled.
 file:line:error style messages enabled.
 %&-line parsing enabled.
**main.tex
(./main.tex
LaTeX2e <2018-12-01>
(/usr/share/texmf-dist/tex/latex/base/article.cls
Document Class: article 2018/09/03 v1.4i Standard LaTeX document class
(/usr/share/texmf-dist/tex/latex/base/size11.clo
File: size11.clo 2018/09/03 v1.4i Standard LaTeX file (size option)
)
\c@part=\count80
\c@section=\count81
\c@subsection=\count82
\c@subsubsection=\count83
\c@paragraph=\count84
\c@subparagraph=\count85
\c@figure=\count86
\c@table=\count87
\abovecaptionskip=\skip41
\belowcaptionskip=\skip42
\bibindent=\dimen102
)
(/usr/share/texmf-dist/tex/latex/geometry/geometry.sty
Package: geometry 2018/04/16 v5.8 Page Geometry

(/usr/share/texmf-dist/tex/latex/graphics/keyval.sty
Package: keyval 2014/10/28 v1.15 key=value parser (DPC)
\KV@toks@=\toks14
)
(/usr/share/texmf-dist/tex/generic/oberdiek/ifpdf.sty
Package: ifpdf 2018/09/07 v3.3 Provides the ifpdf switch
)
(/usr/share/texmf-dist/tex/generic/oberdiek/ifvtex.sty
Package: ifvtex 2016/05/16 v1.6 Detect VTeX and its facilities (HO)
Package ifvtex Info: VTeX not detected.
)
(/usr/share/texmf-dist/tex/generic/ifxetex/ifxetex.sty
Package: ifxetex 2010/09/12 v0.6 Provides ifxetex conditional
)
\Gm@cnth=\count88
\Gm@cntv=\count89
\c@Gm@tempcnt=\count90
\Gm@bindingoffset=\dimen103
\Gm@wd@mp=\dimen104
\Gm@odd@mp=\dimen105
\Gm@even@mp=\dimen106
\Gm@layoutwidth=\dimen107
\Gm@layoutheight=\dimen108
\Gm@layouthoffset=\dimen109
\Gm@layoutvoffset=\dimen110
\Gm@dimlist=\toks15
)
(/usr/share/texmf-dist/tex/generic/babel/babel.sty
Package: babel 2018/11/13 3.27 The Babel package

(/usr/share/texmf-dist/tex/generic/babel/switch.def
File: switch.def 2018/11/13 3.27 Babel switching mechanism
)
(/usr/share/texmf-dist/tex/generic/babel-english/english.ldf
Language: english 2017/06/06 v3.3r English support from the babel system

(/usr/share/texmf-dist/tex/generic/babel/babel.def
File: babel.def 2018/11/13 3.27 Babel common definitions
\babel@savecnt=\count91
\U@D=\dimen111

(/usr/share/texmf-dist/tex/generic/babel/txtbabel.def)
\bbl@dirlevel=\count92
)
\l@canadian = a dialect from \language\l@american 
\l@australian = a dialect from \language\l@british 
\l@newzealand = a dialect from \language\l@british 
))
(/usr/share/texmf-dist/tex/latex/xcolor/xcolor.sty
Package: xcolor 2016/05/11 v2.12 LaTeX color extensions (UK)

(/usr/share/texmf-dist/tex/latex/graphics-cfg/color.cfg
File: color.cfg 2016/01/02 v1.6 sample color configuration
)
Package xcolor Info: Driver file: pdftex.def on input line 225.

(/usr/share/texmf-dist/tex/latex/graphics-def/pdftex.def
File: pdftex.def 2018/01/08 v1.0l Graphics/color driver for pdftex
)
Package xcolor Info: Model `cmy' substituted by `cmy0' on input line 1348.
Package xcolor Info: Model `hsb' substituted by `rgb' on input line 1352.
Package xcolor Info: Model `RGB' extended on input line 1364.
Package xcolor Info: Model `HTML' substituted by `rgb' on input line 1366.
Package xcolor Info: Model `Hsb' substituted by `hsb' on input line 1367.
Package xcolor Info: Model `tHsb' substituted by `hsb' on input line 1368.
Package xcolor Info: Model `HSB' substituted by `hsb' on input line 1369.
Package xcolor Info: Model `Gray' substituted by `gray' on input line 1370.
Package xcolor Info: Model `wave' substituted by `hsb' on input line 1371.

(/usr/share/texmf-dist/tex/latex/graphics/dvipsnam.def
File: dvipsnam.def 2016/06/17 v3.0m Driver-dependent file (DPC,SPQR)
))
(/usr/share/texmf-dist/tex/latex/base/inputenc.sty
Package: inputenc 2018/08/11 v1.3c Input encoding file
\inpenc@prehook=\toks16
\inpenc@posthook=\toks17

(/usr/share/texmf-dist/tex/latex/ucs/utf8x.def
File: utf8x.def 2004/10/17 UCS: Input encoding UTF-8
))
(/usr/share/texmf-dist/tex/latex/ucs/ucs.sty
Package: ucs 2013/05/11 v2.2 UCS: Unicode input support

(/usr/share/texmf-dist/tex/latex/ucs/data/uni-global.def
File: uni-global.def 2013/05/13 UCS: Unicode global data
)
\uc@secondtry=\count93
\uc@combtoks=\toks18
\uc@combtoksb=\toks19
\uc@temptokena=\toks20
)
(/usr/share/texmf-dist/tex/latex/amsmath/amsmath.sty
Package: amsmath 2018/12/01 v2.17b AMS math features
\@mathmargin=\skip43

For additional information on amsmath, use the `?' option.
(/usr/share/texmf-dist/tex/latex/amsmath/amstext.sty
Package: amstext 2000/06/29 v2.01 AMS text

(/usr/share/texmf-dist/tex/latex/amsmath/amsgen.sty
File: amsgen.sty 1999/11/30 v2.0 generic functions
\@emptytoks=\toks21
\ex@=\dimen112
))
(/usr/share/texmf-dist/tex/latex/amsmath/amsbsy.sty
Package: amsbsy 1999/11/29 v1.2d Bold Symbols
\pmbraise@=\dimen113
)
(/usr/share/texmf-dist/tex/latex/amsmath/amsopn.sty
Package: amsopn 2016/03/08 v2.02 operator names
)
\inf@bad=\count94
LaTeX Info: Redefining \frac on input line 223.
\uproot@=\count95
\leftroot@=\count96
LaTeX Info: Redefining \overline on input line 385.
\classnum@=\count97
\DOTSCASE@=\count98
LaTeX Info: Redefining \ldots on input line 482.
LaTeX Info: Redefining \dots on input line 485.
LaTeX Info: Redefining \cdots on input line 606.
\Mathstrutbox@=\box27
\strutbox@=\box28
\big@size=\dimen114
LaTeX Font Info:    Redeclaring font encoding OML on input line 729.
LaTeX Font Info:    Redeclaring font encoding OMS on input line 730.
\macc@depth=\count99
\c@MaxMatrixCols=\count100
\dotsspace@=\muskip10
\c@parentequation=\count101
\dspbrk@lvl=\count102
\tag@help=\toks22
\row@=\count103
\column@=\count104
\maxfields@=\count105
\andhelp@=\toks23
\eqnshift@=\dimen115
\alignsep@=\dimen116
\tagshift@=\dimen117
\tagwidth@=\dimen118
\totwidth@=\dimen119
\lineht@=\dimen120
\@envbody=\toks24
\multlinegap=\skip44
\multlinetaggap=\skip45
\mathdisplay@stack=\toks25
LaTeX Info: Redefining \[ on input line 2844.
LaTeX Info: Redefining \] on input line 2845.
)
(/usr/share/texmf-dist/tex/latex/graphics/graphicx.sty
Package: graphicx 2017/06/01 v1.1a Enhanced LaTeX Graphics (DPC,SPQR)

(/usr/share/texmf-dist/tex/latex/graphics/graphics.sty
Package: graphics 2017/06/25 v1.2c Standard LaTeX Graphics (DPC,SPQR)

(/usr/share/texmf-dist/tex/latex/graphics/trig.sty
Package: trig 2016/01/03 v1.10 sin cos tan (DPC)
)
(/usr/share/texmf-dist/tex/latex/graphics-cfg/graphics.cfg
File: graphics.cfg 2016/06/04 v1.11 sample graphics configuration
)
Package graphics Info: Driver file: pdftex.def on input line 99.
)
\Gin@req@height=\dimen121
\Gin@req@width=\dimen122
)
(/usr/share/texmf-dist/tex/latex/todonotes/todonotes.sty
Package: todonotes 2019/01/24 v1.1.2 Todonotes source and documentation.
Package: todonotes 2018/11/22

(/usr/share/texmf-dist/tex/latex/base/ifthen.sty
Package: ifthen 2014/09/29 v1.1c Standard LaTeX ifthen package (DPC)
)
(/usr/share/texmf-dist/tex/latex/xkeyval/xkeyval.sty
Package: xkeyval 2014/12/03 v2.7a package option processing (HA)

(/usr/share/texmf-dist/tex/generic/xkeyval/xkeyval.tex
(/usr/share/texmf-dist/tex/generic/xkeyval/xkvutils.tex
\XKV@toks=\toks26
\XKV@tempa@toks=\toks27
)
\XKV@depth=\count106
File: xkeyval.tex 2014/12/03 v2.7a key=value parser (HA)
))
(/usr/share/texmf-dist/tex/latex/pgf/frontendlayer/tikz.sty
(/usr/share/texmf-dist/tex/latex/pgf/basiclayer/pgf.sty
(/usr/share/texmf-dist/tex/latex/pgf/utilities/pgfrcs.sty
(/usr/share/texmf-dist/tex/generic/pgf/utilities/pgfutil-common.tex
\pgfutil@everybye=\toks28
\pgfutil@tempdima=\dimen123
\pgfutil@tempdimb=\dimen124

(/usr/share/texmf-dist/tex/generic/pgf/utilities/pgfutil-common-lists.tex))
(/usr/share/texmf-dist/tex/generic/pgf/utilities/pgfutil-latex.def
\pgfutil@abb=\box29

(/usr/share/texmf-dist/tex/latex/ms/everyshi.sty
Package: everyshi 2001/05/15 v3.00 EveryShipout Package (MS)
))
(/usr/share/texmf-dist/tex/generic/pgf/utilities/pgfrcs.code.tex
(/usr/share/texmf-dist/tex/generic/pgf/pgf.revision.tex)
Package: pgfrcs 2019/02/02 v3.1.1 (3.1.1)
))
Package: pgf 2019/02/02 v3.1.1 (3.1.1)

(/usr/share/texmf-dist/tex/latex/pgf/basiclayer/pgfcore.sty
(/usr/share/texmf-dist/tex/latex/pgf/systemlayer/pgfsys.sty
(/usr/share/texmf-dist/tex/generic/pgf/systemlayer/pgfsys.code.tex
Package: pgfsys 2019/02/02 v3.1.1 (3.1.1)

(/usr/share/texmf-dist/tex/generic/pgf/utilities/pgfkeys.code.tex
\pgfkeys@pathtoks=\toks29
\pgfkeys@temptoks=\toks30

(/usr/share/texmf-dist/tex/generic/pgf/utilities/pgfkeysfiltered.code.tex
\pgfkeys@tmptoks=\toks31
))
\pgf@x=\dimen125
\pgf@y=\dimen126
\pgf@xa=\dimen127
\pgf@ya=\dimen128
\pgf@xb=\dimen129
\pgf@yb=\dimen130
\pgf@xc=\dimen131
\pgf@yc=\dimen132
\w@pgf@writea=\write3
\r@pgf@reada=\read1
\c@pgf@counta=\count107
\c@pgf@countb=\count108
\c@pgf@countc=\count109
\c@pgf@countd=\count110
\t@pgf@toka=\toks32
\t@pgf@tokb=\toks33
\t@pgf@tokc=\toks34
\pgf@sys@id@count=\count111

(/usr/share/texmf-dist/tex/generic/pgf/systemlayer/pgf.cfg
File: pgf.cfg 2019/02/02 v3.1.1 (3.1.1)
)
Driver file for pgf: pgfsys-pdftex.def

(/usr/share/texmf-dist/tex/generic/pgf/systemlayer/pgfsys-pdftex.def
File: pgfsys-pdftex.def 2019/02/02 v3.1.1 (3.1.1)

(/usr/share/texmf-dist/tex/generic/pgf/systemlayer/pgfsys-common-pdf.def
File: pgfsys-common-pdf.def 2019/02/02 v3.1.1 (3.1.1)
)))
(/usr/share/texmf-dist/tex/generic/pgf/systemlayer/pgfsyssoftpath.code.tex
File: pgfsyssoftpath.code.tex 2019/02/02 v3.1.1 (3.1.1)
\pgfsyssoftpath@smallbuffer@items=\count112
\pgfsyssoftpath@bigbuffer@items=\count113
)
(/usr/share/texmf-dist/tex/generic/pgf/systemlayer/pgfsysprotocol.code.tex
File: pgfsysprotocol.code.tex 2019/02/02 v3.1.1 (3.1.1)
))
(/usr/share/texmf-dist/tex/generic/pgf/basiclayer/pgfcore.code.tex
Package: pgfcore 2019/02/02 v3.1.1 (3.1.1)

(/usr/share/texmf-dist/tex/generic/pgf/math/pgfmath.code.tex
(/usr/share/texmf-dist/tex/generic/pgf/math/pgfmathcalc.code.tex
(/usr/share/texmf-dist/tex/generic/pgf/math/pgfmathutil.code.tex)
(/usr/share/texmf-dist/tex/generic/pgf/math/pgfmathparser.code.tex
\pgfmath@dimen=\dimen133
\pgfmath@count=\count114
\pgfmath@box=\box30
\pgfmath@toks=\toks35
\pgfmath@stack@operand=\toks36
\pgfmath@stack@operation=\toks37
)
(/usr/share/texmf-dist/tex/generic/pgf/math/pgfmathfunctions.code.tex
(/usr/share/texmf-dist/tex/generic/pgf/math/pgfmathfunctions.basic.code.tex)
(/usr/share/texmf-dist/tex/generic/pgf/math/pgfmathfunctions.trigonometric.code
.tex)
(/usr/share/texmf-dist/tex/generic/pgf/math/pgfmathfunctions.random.code.tex)
(/usr/share/texmf-dist/tex/generic/pgf/math/pgfmathfunctions.comparison.code.te
x) (/usr/share/texmf-dist/tex/generic/pgf/math/pgfmathfunctions.base.code.tex)
(/usr/share/texmf-dist/tex/generic/pgf/math/pgfmathfunctions.round.code.tex)
(/usr/share/texmf-dist/tex/generic/pgf/math/pgfmathfunctions.misc.code.tex)
(/usr/share/texmf-dist/tex/generic/pgf/math/pgfmathfunctions.integerarithmetics
.code.tex))) (/usr/share/texmf-dist/tex/generic/pgf/math/pgfmathfloat.code.tex
\c@pgfmathroundto@lastzeros=\count115
)) (/usr/share/texmf-dist/tex/generic/pgf/basiclayer/pgfcorepoints.code.tex
File: pgfcorepoints.code.tex 2019/02/02 v3.1.1 (3.1.1)
\pgf@picminx=\dimen134
\pgf@picmaxx=\dimen135
\pgf@picminy=\dimen136
\pgf@picmaxy=\dimen137
\pgf@pathminx=\dimen138
\pgf@pathmaxx=\dimen139
\pgf@pathminy=\dimen140
\pgf@pathmaxy=\dimen141
\pgf@xx=\dimen142
\pgf@xy=\dimen143
\pgf@yx=\dimen144
\pgf@yy=\dimen145
\pgf@zx=\dimen146
\pgf@zy=\dimen147
)
(/usr/share/texmf-dist/tex/generic/pgf/basiclayer/pgfcorepathconstruct.code.tex
File: pgfcorepathconstruct.code.tex 2019/02/02 v3.1.1 (3.1.1)
\pgf@path@lastx=\dimen148
\pgf@path@lasty=\dimen149
) (/usr/share/texmf-dist/tex/generic/pgf/basiclayer/pgfcorepathusage.code.tex
File: pgfcorepathusage.code.tex 2019/02/02 v3.1.1 (3.1.1)
\pgf@shorten@end@additional=\dimen150
\pgf@shorten@start@additional=\dimen151
)
(/usr/share/texmf-dist/tex/generic/pgf/basiclayer/pgfcorescopes.code.tex
File: pgfcorescopes.code.tex 2019/02/02 v3.1.1 (3.1.1)
\pgfpic=\box31
\pgf@hbox=\box32
\pgf@layerbox@main=\box33
\pgf@picture@serial@count=\count116
)
(/usr/share/texmf-dist/tex/generic/pgf/basiclayer/pgfcoregraphicstate.code.tex
File: pgfcoregraphicstate.code.tex 2019/02/02 v3.1.1 (3.1.1)
\pgflinewidth=\dimen152
)
(/usr/share/texmf-dist/tex/generic/pgf/basiclayer/pgfcoretransformations.code.t
ex
File: pgfcoretransformations.code.tex 2019/02/02 v3.1.1 (3.1.1)
\pgf@pt@x=\dimen153
\pgf@pt@y=\dimen154
\pgf@pt@temp=\dimen155
) (/usr/share/texmf-dist/tex/generic/pgf/basiclayer/pgfcorequick.code.tex
File: pgfcorequick.code.tex 2019/02/02 v3.1.1 (3.1.1)
)
(/usr/share/texmf-dist/tex/generic/pgf/basiclayer/pgfcoreobjects.code.tex
File: pgfcoreobjects.code.tex 2019/02/02 v3.1.1 (3.1.1)
)
(/usr/share/texmf-dist/tex/generic/pgf/basiclayer/pgfcorepathprocessing.code.te
x
File: pgfcorepathprocessing.code.tex 2019/02/02 v3.1.1 (3.1.1)
) (/usr/share/texmf-dist/tex/generic/pgf/basiclayer/pgfcorearrows.code.tex
File: pgfcorearrows.code.tex 2019/02/02 v3.1.1 (3.1.1)
\pgfarrowsep=\dimen156
)
(/usr/share/texmf-dist/tex/generic/pgf/basiclayer/pgfcoreshade.code.tex
File: pgfcoreshade.code.tex 2019/02/02 v3.1.1 (3.1.1)
\pgf@max=\dimen157
\pgf@sys@shading@range@num=\count117
)
(/usr/share/texmf-dist/tex/generic/pgf/basiclayer/pgfcoreimage.code.tex
File: pgfcoreimage.code.tex 2019/02/02 v3.1.1 (3.1.1)

(/usr/share/texmf-dist/tex/generic/pgf/basiclayer/pgfcoreexternal.code.tex
File: pgfcoreexternal.code.tex 2019/02/02 v3.1.1 (3.1.1)
\pgfexternal@startupbox=\box34
))
(/usr/share/texmf-dist/tex/generic/pgf/basiclayer/pgfcorelayers.code.tex
File: pgfcorelayers.code.tex 2019/02/02 v3.1.1 (3.1.1)
)
(/usr/share/texmf-dist/tex/generic/pgf/basiclayer/pgfcoretransparency.code.tex
File: pgfcoretransparency.code.tex 2019/02/02 v3.1.1 (3.1.1)
) (/usr/share/texmf-dist/tex/generic/pgf/basiclayer/pgfcorepatterns.code.tex
File: pgfcorepatterns.code.tex 2019/02/02 v3.1.1 (3.1.1)
)
(/usr/share/texmf-dist/tex/generic/pgf/basiclayer/pgfcorerdf.code.tex
File: pgfcorerdf.code.tex 2019/02/02 v3.1.1 (3.1.1)
)))
(/usr/share/texmf-dist/tex/generic/pgf/modules/pgfmoduleshapes.code.tex
File: pgfmoduleshapes.code.tex 2019/02/02 v3.1.1 (3.1.1)
\pgfnodeparttextbox=\box35
)
(/usr/share/texmf-dist/tex/generic/pgf/modules/pgfmoduleplot.code.tex
File: pgfmoduleplot.code.tex 2019/02/02 v3.1.1 (3.1.1)
)
(/usr/share/texmf-dist/tex/latex/pgf/compatibility/pgfcomp-version-0-65.sty
Package: pgfcomp-version-0-65 2019/02/02 v3.1.1 (3.1.1)
\pgf@nodesepstart=\dimen158
\pgf@nodesepend=\dimen159
)
(/usr/share/texmf-dist/tex/latex/pgf/compatibility/pgfcomp-version-1-18.sty
Package: pgfcomp-version-1-18 2019/02/02 v3.1.1 (3.1.1)
))
(/usr/share/texmf-dist/tex/latex/pgf/utilities/pgffor.sty
(/usr/share/texmf-dist/tex/latex/pgf/utilities/pgfkeys.sty
(/usr/share/texmf-dist/tex/generic/pgf/utilities/pgfkeys.code.tex))
(/usr/share/texmf-dist/tex/latex/pgf/math/pgfmath.sty
(/usr/share/texmf-dist/tex/generic/pgf/math/pgfmath.code.tex))
(/usr/share/texmf-dist/tex/generic/pgf/utilities/pgffor.code.tex
Package: pgffor 2019/02/02 v3.1.1 (3.1.1)

(/usr/share/texmf-dist/tex/generic/pgf/math/pgfmath.code.tex)
\pgffor@iter=\dimen160
\pgffor@skip=\dimen161
\pgffor@stack=\toks38
\pgffor@toks=\toks39
))
(/usr/share/texmf-dist/tex/generic/pgf/frontendlayer/tikz/tikz.code.tex
Package: tikz 2019/02/02 v3.1.1 (3.1.1)

(/usr/share/texmf-dist/tex/generic/pgf/libraries/pgflibraryplothandlers.code.te
x
File: pgflibraryplothandlers.code.tex 2019/02/02 v3.1.1 (3.1.1)
\pgf@plot@mark@count=\count118
\pgfplotmarksize=\dimen162
)
\tikz@lastx=\dimen163
\tikz@lasty=\dimen164
\tikz@lastxsaved=\dimen165
\tikz@lastysaved=\dimen166
\tikzleveldistance=\dimen167
\tikzsiblingdistance=\dimen168
\tikz@figbox=\box36
\tikz@figbox@bg=\box37
\tikz@tempbox=\box38
\tikz@tempbox@bg=\box39
\tikztreelevel=\count119
\tikznumberofchildren=\count120
\tikznumberofcurrentchild=\count121
\tikz@fig@count=\count122
 (/usr/share/texmf-dist/tex/generic/pgf/modules/pgfmodulematrix.code.tex
File: pgfmodulematrix.code.tex 2019/02/02 v3.1.1 (3.1.1)
\pgfmatrixcurrentrow=\count123
\pgfmatrixcurrentcolumn=\count124
\pgf@matrix@numberofcolumns=\count125
)
\tikz@expandcount=\count126

(/usr/share/texmf-dist/tex/generic/pgf/frontendlayer/tikz/libraries/tikzlibrary
topaths.code.tex
File: tikzlibrarytopaths.code.tex 2019/02/02 v3.1.1 (3.1.1)
)))
(/usr/share/texmf-dist/tex/generic/pgf/frontendlayer/tikz/libraries/tikzlibrary
positioning.code.tex
File: tikzlibrarypositioning.code.tex 2019/02/02 v3.1.1 (3.1.1)
)
(/usr/share/texmf-dist/tex/generic/pgf/frontendlayer/tikz/libraries/tikzlibrary
shadows.code.tex
File: tikzlibraryshadows.code.tex 2019/02/02 v3.1.1 (3.1.1)

(/usr/share/texmf-dist/tex/generic/pgf/frontendlayer/tikz/libraries/tikzlibrary
fadings.code.tex
File: tikzlibraryfadings.code.tex 2019/02/02 v3.1.1 (3.1.1)

(/usr/share/texmf-dist/tex/generic/pgf/libraries/pgflibraryfadings.code.tex
File: pgflibraryfadings.code.tex 2019/02/02 v3.1.1 (3.1.1)
)))
(/usr/share/texmf-dist/tex/latex/tools/calc.sty
Package: calc 2017/05/25 v4.3 Infix arithmetic (KKT,FJ)
\calc@Acount=\count127
\calc@Bcount=\count128
\calc@Adimen=\dimen169
\calc@Bdimen=\dimen170
\calc@Askip=\skip46
\calc@Bskip=\skip47
LaTeX Info: Redefining \setlength on input line 80.
LaTeX Info: Redefining \addtolength on input line 81.
\calc@Ccount=\count129
\calc@Cskip=\skip48
)
\c@@todonotes@numberoftodonotes=\count130
)
(/usr/share/texmf-dist/tex/latex/setspace/setspace.sty
Package: setspace 2011/12/19 v6.7a set line spacing
)
(/usr/share/texmf-dist/tex/latex/etoolbox/etoolbox.sty
Package: etoolbox 2018/08/19 v2.5f e-TeX tools for LaTeX (JAW)
\etb@tempcnta=\count131
)
(/usr/share/texmf-dist/tex/latex/framed/framed.sty
Package: framed 2011/10/22 v 0.96: framed or shaded text with page breaks
\OuterFrameSep=\skip49
\fb@frw=\dimen171
\fb@frh=\dimen172
\FrameRule=\dimen173
\FrameSep=\dimen174
)
(/usr/share/texmf-dist/tex/latex/tcolorbox/tcolorbox.sty
Package: tcolorbox 2018/12/07 version 4.15 text color boxes

(/usr/share/texmf-dist/tex/latex/tools/verbatim.sty
Package: verbatim 2014/10/28 v1.5q LaTeX2e package for verbatim enhancements
\every@verbatim=\toks40
\verbatim@line=\toks41
\verbatim@in@stream=\read2
)
(/usr/share/texmf-dist/tex/latex/environ/environ.sty
Package: environ 2014/05/04 v0.3 A new way to define environments

(/usr/share/texmf-dist/tex/latex/trimspaces/trimspaces.sty
Package: trimspaces 2009/09/17 v1.1 Trim spaces around a token list
))
\tcb@titlebox=\box40
\tcb@upperbox=\box41
\tcb@lowerbox=\box42
\tcb@phantombox=\box43
\c@tcbbreakpart=\count132
\c@tcblayer=\count133
\tcolorbox@number=\count134
\tcb@temp=\box44
\tcb@temp=\box45
\tcb@temp=\box46
\tcb@temp=\box47
\tcb@out=\write4
\tcb@record@out=\write5
)
(/usr/share/texmf-dist/tex/latex/tocbibind/tocbibind.sty
Package: tocbibind 2010/10/13 v1.5k extra ToC listings
Package tocbibind Info: The document has section divisions on input line 50.


Package tocbibind Note: Using section or other style headings.

) (/usr/share/texmf-dist/tex/latex/float/float.sty
Package: float 2001/11/08 v1.3d Float enhancements (AL)
\c@float@type=\count135
\float@exts=\toks42
\float@box=\box48
\@float@everytoks=\toks43
\@floatcapt=\box49
)
(/usr/share/texmf-dist/tex/latex/pdfpages/pdfpages.sty
Package: pdfpages 2017/10/31 v0.5l Insert pages of external PDF documents (AM)

(/usr/share/texmf-dist/tex/latex/eso-pic/eso-pic.sty
Package: eso-pic 2018/04/12 v2.0h eso-pic (RN)

(/usr/share/texmf-dist/tex/generic/oberdiek/atbegshi.sty
Package: atbegshi 2016/06/09 v1.18 At begin shipout hook (HO)

(/usr/share/texmf-dist/tex/generic/oberdiek/infwarerr.sty
Package: infwarerr 2016/05/16 v1.4 Providing info/warning/error messages (HO)
)
(/usr/share/texmf-dist/tex/generic/oberdiek/ltxcmds.sty
Package: ltxcmds 2016/05/16 v1.23 LaTeX kernel commands for general use (HO)
)))
\AM@pagewidth=\dimen175
\AM@pageheight=\dimen176

(/usr/share/texmf-dist/tex/latex/pdfpages/pppdftex.def
File: pppdftex.def 2017/10/31 v0.5l Pdfpages driver for pdfTeX (AM)
)
\AM@pagebox=\box50
\AM@global@opts=\toks44
\AM@toc@title=\toks45
\c@AM@survey=\count136
\AM@templatesizebox=\box51
) (./main.aux)
\openout1 = `main.aux'.

LaTeX Font Info:    Checking defaults for OML/cmm/m/it on input line 20.
LaTeX Font Info:    ... okay on input line 20.
LaTeX Font Info:    Checking defaults for T1/cmr/m/n on input line 20.
LaTeX Font Info:    ... okay on input line 20.
LaTeX Font Info:    Checking defaults for OT1/cmr/m/n on input line 20.
LaTeX Font Info:    ... okay on input line 20.
LaTeX Font Info:    Checking defaults for OMS/cmsy/m/n on input line 20.
LaTeX Font Info:    ... okay on input line 20.
LaTeX Font Info:    Checking defaults for OMX/cmex/m/n on input line 20.
LaTeX Font Info:    ... okay on input line 20.
LaTeX Font Info:    Checking defaults for U/cmr/m/n on input line 20.
LaTeX Font Info:    ... okay on input line 20.

*geometry* driver: auto-detecting
*geometry* detected driver: pdftex
*geometry* verbose mode - [ preamble ] result:
* driver: pdftex
* paper: a4paper
* layout: <same size as paper>
* layoutoffset:(h,v)=(0.0pt,0.0pt)
* modes: 
* h-part:(L,W,R)=(85.35826pt, 426.79135pt, 85.35826pt)
* v-part:(T,H,B)=(85.35826pt, 674.33032pt, 85.35826pt)
* \paperwidth=597.50787pt
* \paperheight=845.04684pt
* \textwidth=426.79135pt
* \textheight=674.33032pt
* \oddsidemargin=13.08827pt
* \evensidemargin=13.08827pt
* \topmargin=-23.91173pt
* \headheight=12.0pt
* \headsep=25.0pt
* \topskip=11.0pt
* \footskip=30.0pt
* \marginparwidth=56.9055pt
* \marginparsep=10.0pt
* \columnsep=10.0pt
* \skip\footins=10.0pt plus 4.0pt minus 2.0pt
* \hoffset=0.0pt
* \voffset=0.0pt
* \mag=1000
* \@twocolumnfalse
* \@twosidefalse
* \@mparswitchfalse
* \@reversemarginfalse
* (1in=72.27pt=25.4mm, 1cm=28.453pt)

(/usr/share/texmf-dist/tex/context/base/mkii/supp-pdf.mkii
[Loading MPS to PDF converter (version 2006.09.02).]
\scratchcounter=\count137
\scratchdimen=\dimen177
\scratchbox=\box52
\nofMPsegments=\count138
\nofMParguments=\count139
\everyMPshowfont=\toks46
\MPscratchCnt=\count140
\MPscratchDim=\dimen178
\MPnumerator=\count141
\makeMPintoPDFobject=\count142
\everyMPtoPDFconversion=\toks47
) (/usr/share/texmf-dist/tex/latex/oberdiek/epstopdf-base.sty
Package: epstopdf-base 2016/05/15 v2.6 Base part for package epstopdf

(/usr/share/texmf-dist/tex/latex/oberdiek/grfext.sty
Package: grfext 2016/05/16 v1.2 Manage graphics extensions (HO)

(/usr/share/texmf-dist/tex/generic/oberdiek/kvdefinekeys.sty
Package: kvdefinekeys 2016/05/16 v1.4 Define keys (HO)
))
(/usr/share/texmf-dist/tex/latex/oberdiek/kvoptions.sty
Package: kvoptions 2016/05/16 v3.12 Key value format for package options (HO)

(/usr/share/texmf-dist/tex/generic/oberdiek/kvsetkeys.sty
Package: kvsetkeys 2016/05/16 v1.17 Key value parser (HO)

(/usr/share/texmf-dist/tex/generic/oberdiek/etexcmds.sty
Package: etexcmds 2016/05/16 v1.6 Avoid name clashes with e-TeX commands (HO)

(/usr/share/texmf-dist/tex/generic/oberdiek/ifluatex.sty
Package: ifluatex 2016/05/16 v1.4 Provides the ifluatex switch (HO)
Package ifluatex Info: LuaTeX not detected.
)
Package etexcmds Info: Could not find \expanded.
(etexcmds)             That can mean that you are not using pdfTeX 1.50 or
(etexcmds)             that some package has redefined \expanded.
(etexcmds)             In the latter case, load this package earlier.
)))
(/usr/share/texmf-dist/tex/generic/oberdiek/pdftexcmds.sty
Package: pdftexcmds 2018/09/10 v0.29 Utility functions of pdfTeX for LuaTeX (HO
)
Package pdftexcmds Info: LuaTeX not detected.
Package pdftexcmds Info: \pdf@primitive is available.
Package pdftexcmds Info: \pdf@ifprimitive is available.
Package pdftexcmds Info: \pdfdraftmode found.
)
Package epstopdf-base Info: Redefining graphics rule for `.eps' on input line 4
38.
Package grfext Info: Graphics extension search list:
(grfext)             [.pdf,.png,.jpg,.mps,.jpeg,.jbig2,.jb2,.PDF,.PNG,.JPG,.JPE
G,.JBIG2,.JB2,.eps]
(grfext)             \AppendGraphicsExtensions on input line 456.

(/usr/share/texmf-dist/tex/latex/latexconfig/epstopdf-sys.cfg
File: epstopdf-sys.cfg 2010/07/13 v1.3 Configuration of (r)epstopdf for TeX Liv
e
))
(/usr/share/texmf-dist/tex/latex/ucs/ucsencs.def
File: ucsencs.def 2011/01/21 Fixes to fontencodings LGR, T3
)
ABD: EveryShipout initializing macros
\AtBeginShipoutBox=\box53

(/usr/share/texmf-dist/tex/latex/oberdiek/pdflscape.sty
Package: pdflscape 2016/05/14 v0.11 Display of landscape pages in PDF (HO)

(/usr/share/texmf-dist/tex/latex/graphics/lscape.sty
Package: lscape 2000/10/22 v3.01 Landscape Pages (DPC)
)
Package pdflscape Info: Auto-detected driver: pdftex on input line 81.
)
<logo.png, id=29, 301.125pt x 301.125pt>
File: logo.png Graphic file (type png)
<use logo.png>
Package pdftex.def Info: logo.png  used on input line 66.
(pdftex.def)             Requested size: 113.81102pt x 113.81297pt.
 [1

{/var/lib/texmf/fonts/map/pdftex/updmap/pdftex.map} <./logo.png (PNG copy)>] (.
/main.toc
LaTeX Font Info:    Try loading font information for OMS+cmr on input line 37.

(/usr/share/texmf-dist/tex/latex/base/omscmr.fd
File: omscmr.fd 2014/09/29 v2.5h Standard LaTeX font definitions
)
LaTeX Font Info:    Font shape `OMS/cmr/m/n' in size <10.95> not available
(Font)              Font shape `OMS/cmsy/m/n' tried instead on input line 37.
 [1])
\tf@toc=\write6
\openout6 = `main.toc'.

 [2] [3]
(/usr/share/texmf-dist/tex/latex/ucs/data/uni-32.def
File: uni-32.def 2013/05/13 UCS: Unicode data U+2000..U+20FF
) [4]
<transient.jpg, id=55, 1475.5125pt x 1151.30125pt>
File: transient.jpg Graphic file (type jpg)
<use transient.jpg>
Package pdftex.def Info: transient.jpg  used on input line 115.
(pdftex.def)             Requested size: 227.62204pt x 177.60661pt.
 [5 <./transient.jpg>]
<electrolysis.jpg, id=59, 652.4375pt x 421.575pt>
File: electrolysis.jpg Graphic file (type jpg)
<use electrolysis.jpg>
Package pdftex.def Info: electrolysis.jpg  used on input line 120.
(pdftex.def)             Requested size: 227.62204pt x 147.07744pt.
[6 <./electrolysis.jpg>] [7] [8]
<shock.png, id=70, 602.25pt x 527.9725pt>
File: shock.png Graphic file (type png)
<use shock.png>
Package pdftex.def Info: shock.png  used on input line 147.
(pdftex.def)             Requested size: 85.35826pt x 74.82599pt.
<shock2.png, id=71, 602.25pt x 527.9725pt>
File: shock2.png Graphic file (type png)
<use shock2.png>
Package pdftex.def Info: shock2.png  used on input line 148.
(pdftex.def)             Requested size: 85.35826pt x 74.82599pt.
<shock3.png, id=72, 602.25pt x 527.9725pt>
File: shock3.png Graphic file (type png)
<use shock3.png>
Package pdftex.def Info: shock3.png  used on input line 149.
(pdftex.def)             Requested size: 85.35826pt x 74.82599pt.
<shock4.png, id=73, 602.25pt x 527.9725pt>
File: shock4.png Graphic file (type png)
<use shock4.png>
Package pdftex.def Info: shock4.png  used on input line 150.
(pdftex.def)             Requested size: 85.35826pt x 74.82599pt.
<chemical.png, id=74, 602.25pt x 527.9725pt>
File: chemical.png Graphic file (type png)
<use chemical.png>
Package pdftex.def Info: chemical.png  used on input line 156.
(pdftex.def)             Requested size: 85.35826pt x 74.82599pt.
<chemical2.png, id=75, 602.25pt x 527.9725pt>
File: chemical2.png Graphic file (type png)
<use chemical2.png>
Package pdftex.def Info: chemical2.png  used on input line 157.
(pdftex.def)             Requested size: 85.35826pt x 74.82599pt.
<flammable.png, id=76, 602.25pt x 527.9725pt>
File: flammable.png Graphic file (type png)
<use flammable.png>
Package pdftex.def Info: flammable.png  used on input line 158.
(pdftex.def)             Requested size: 85.35826pt x 74.82599pt.
<gravity.png, id=77, 602.25pt x 527.9725pt>
File: gravity.png Graphic file (type png)
<use gravity.png>
Package pdftex.def Info: gravity.png  used on input line 164.
(pdftex.def)             Requested size: 85.35826pt x 74.82599pt.
<hydraulic.png, id=78, 602.25pt x 527.9725pt>
File: hydraulic.png Graphic file (type png)
<use hydraulic.png>
Package pdftex.def Info: hydraulic.png  used on input line 170.
(pdftex.def)             Requested size: 85.35826pt x 74.82599pt.
<hydraulic2.png, id=79, 192.72pt x 172.4844pt>
File: hydraulic2.png Graphic file (type png)
<use hydraulic2.png>
Package pdftex.def Info: hydraulic2.png  used on input line 171.
(pdftex.def)             Requested size: 85.35826pt x 76.39342pt.
 [9 <./shock.png> <./shock2.png> <./shock3.png> <./shock4.png> <./chemical.png>
 <./chemical2.png> <./flammable.png> <./gravity.png> <./hydraulic.png> <./hydra
ulic2.png>]
<rotating1.png, id=94, 602.25pt x 527.9725pt>
File: rotating1.png Graphic file (type png)
<use rotating1.png>
Package pdftex.def Info: rotating1.png  used on input line 177.
(pdftex.def)             Requested size: 85.35826pt x 74.82599pt.
<rotating2.png, id=95, 602.25pt x 527.9725pt>
File: rotating2.png Graphic file (type png)
<use rotating2.png>
Package pdftex.def Info: rotating2.png  used on input line 178.
(pdftex.def)             Requested size: 85.35826pt x 74.82599pt.
<rotating3.png, id=96, 602.25pt x 527.9725pt>
File: rotating3.png Graphic file (type png)
<use rotating3.png>
Package pdftex.def Info: rotating3.png  used on input line 179.
(pdftex.def)             Requested size: 85.35826pt x 74.82599pt.
<pressure.png, id=97, 192.72pt x 139.4811pt>
File: pressure.png Graphic file (type png)
<use pressure.png>
Package pdftex.def Info: pressure.png  used on input line 185.
(pdftex.def)             Requested size: 85.35826pt x 61.77625pt.
<pneumatic.png, id=98, 602.25pt x 527.9725pt>
File: pneumatic.png Graphic file (type png)
<use pneumatic.png>
Package pdftex.def Info: pneumatic.png  used on input line 186.
(pdftex.def)             Requested size: 85.35826pt x 74.82599pt.
File: hydraulic.png Graphic file (type png)
<use hydraulic.png>
Package pdftex.def Info: hydraulic.png  used on input line 187.
(pdftex.def)             Requested size: 85.35826pt x 74.82599pt.
<radiant.png, id=99, 602.25pt x 527.9725pt>
File: radiant.png Graphic file (type png)
<use radiant.png>
Package pdftex.def Info: radiant.png  used on input line 193.
(pdftex.def)             Requested size: 85.35826pt x 74.82599pt.
<radiant2.png, id=100, 602.25pt x 527.9725pt>
File: radiant2.png Graphic file (type png)
<use radiant2.png>
Package pdftex.def Info: radiant2.png  used on input line 194.
(pdftex.def)             Requested size: 85.35826pt x 74.82599pt.
<radiant3.png, id=101, 602.25pt x 527.9725pt>
File: radiant3.png Graphic file (type png)
<use radiant3.png>
Package pdftex.def Info: radiant3.png  used on input line 195.
(pdftex.def)             Requested size: 85.35826pt x 74.82599pt.
<radiant4.png, id=102, 602.25pt x 527.9725pt>
File: radiant4.png Graphic file (type png)
<use radiant4.png>
Package pdftex.def Info: radiant4.png  used on input line 196.
(pdftex.def)             Requested size: 85.35826pt x 74.82599pt.
<thermal.png, id=103, 602.25pt x 527.9725pt>
File: thermal.png Graphic file (type png)
<use thermal.png>
Package pdftex.def Info: thermal.png  used on input line 202.
(pdftex.def)             Requested size: 85.35826pt x 74.82599pt.
<thermal2.png, id=104, 602.25pt x 527.9725pt>
File: thermal2.png Graphic file (type png)
<use thermal2.png>
Package pdftex.def Info: thermal2.png  used on input line 203.
(pdftex.def)             Requested size: 85.35826pt x 74.82599pt.
<thermal3.png, id=105, 602.25pt x 527.9725pt>
File: thermal3.png Graphic file (type png)
<use thermal3.png>
Package pdftex.def Info: thermal3.png  used on input line 204.
(pdftex.def)             Requested size: 85.35826pt x 74.82599pt.
 [10 <./rotating1.png> <./rotating2.png> <./rotating3.png> <./pressure.png> <./
pneumatic.png> <./radiant.png> <./radiant2.png> <./radiant3.png> <./radiant4.pn
g> <./thermal.png> <./thermal2.png> <./thermal3.png>]
<explosive.png, id=121, 602.25pt x 527.9725pt>
File: explosive.png Graphic file (type png)
<use explosive.png>
Package pdftex.def Info: explosive.png  used on input line 210.
(pdftex.def)             Requested size: 85.35826pt x 74.82599pt.
<esd.jpg, id=122, 602.25pt x 423.5825pt>
File: esd.jpg Graphic file (type jpg)
<use esd.jpg>
Package pdftex.def Info: esd.jpg  used on input line 216.
(pdftex.def)             Requested size: 227.62204pt x 160.09692pt.
<riskcat.jpg, id=123, 653.44125pt x 417.56pt>
File: riskcat.jpg Graphic file (type jpg)
<use riskcat.jpg>
Package pdftex.def Info: riskcat.jpg  used on input line 224.
(pdftex.def)             Requested size: 341.43306pt x 218.17735pt.
 [11 <./explosive.png> <./esd.jpg>]
<glasses.jpg, id=128, 855.195pt x 481.8pt>
File: glasses.jpg Graphic file (type jpg)
<use glasses.jpg>
Package pdftex.def Info: glasses.jpg  used on input line 231.
(pdftex.def)             Requested size: 227.62204pt x 128.2351pt.
 [12 <./riskcat.jpg> <./glasses.jpg>]
<hat.jpg, id=133, 289.08pt x 211.992pt>
File: hat.jpg Graphic file (type jpg)
<use hat.jpg>
Package pdftex.def Info: hat.jpg  used on input line 236.
(pdftex.def)             Requested size: 227.62204pt x 166.92192pt.
<boots.jpg, id=134, 803.0pt x 526.96875pt>
File: boots.jpg Graphic file (type jpg)
<use boots.jpg>
Package pdftex.def Info: boots.jpg  used on input line 244.
(pdftex.def)             Requested size: 199.16928pt x 130.70457pt.
 [13 <./hat.jpg> <./boots.jpg>]
<arcflashsuit.jpg, id=138, 578.16pt x 722.7pt>
File: arcflashsuit.jpg Graphic file (type jpg)
<use arcflashsuit.jpg>
Package pdftex.def Info: arcflashsuit.jpg  used on input line 251.
(pdftex.def)             Requested size: 227.62204pt x 284.52051pt.
 [14 <./arcflashsuit.jpg>]
<gloveschart.png, id=142, 708.6475pt x 552.0625pt>
File: gloveschart.png Graphic file (type png)
<use gloveschart.png>
Package pdftex.def Info: gloveschart.png  used on input line 267.
(pdftex.def)             Requested size: 398.33858pt x 310.32379pt.
 [15 <./gloveschart.png>]
<newloto.jpg, id=147, 451.6875pt x 301.42613pt>
File: newloto.jpg Graphic file (type jpg)
<use newloto.jpg>
Package pdftex.def Info: newloto.jpg  used on input line 281.
(pdftex.def)             Requested size: 284.52756pt x 189.88565pt.
<lotowall.jpg, id=148, 451.6875pt x 301.42613pt>
File: lotowall.jpg Graphic file (type jpg)
<use lotowall.jpg>
Package pdftex.def Info: lotowall.jpg  used on input line 290.
(pdftex.def)             Requested size: 256.0748pt x 170.89479pt.
 [16 <./newloto.jpg>]
<noordampeg.jpg, id=153, 451.6875pt x 301.42613pt>
File: noordampeg.jpg Graphic file (type jpg)
<use noordampeg.jpg>
Package pdftex.def Info: noordampeg.jpg  used on input line 297.
(pdftex.def)             Requested size: 284.52756pt x 189.88565pt.
<peg.jpg, id=154, 301.125pt x 200.85037pt>
File: peg.jpg Graphic file (type jpg)
<use peg.jpg>
Package pdftex.def Info: peg.jpg  used on input line 302.
(pdftex.def)             Requested size: 284.52756pt x 189.79846pt.
 [17 <./lotowall.jpg> <./noordampeg.jpg>]
[18 <./peg.jpg>] [19] [20]
<Distribution.pdf, id=168, 845.1575pt x 598.235pt>
File: Distribution.pdf Graphic file (type pdf)
<use Distribution.pdf>
Package pdftex.def Info: Distribution.pdf  used on input line 369.
(pdftex.def)             Requested size: 845.15544pt x 598.23354pt.
File: Distribution.pdf Graphic file (type pdf)
<use Distribution.pdf>
Package pdftex.def Info: Distribution.pdf  used on input line 369.
(pdftex.def)             Requested size: 845.15544pt x 598.23354pt.
<Distribution.pdf, id=171, page=1, 845.1575pt x 598.235pt>
File: Distribution.pdf Graphic file (type pdf)
<use Distribution.pdf, page 1>
Package pdftex.def Info: Distribution.pdf , page1 used on input line 369.
(pdftex.def)             Requested size: 845.15544pt x 598.23354pt.
File: Distribution.pdf Graphic file (type pdf)
<use Distribution.pdf, page 1>
Package pdftex.def Info: Distribution.pdf , page1 used on input line 369.
(pdftex.def)             Requested size: 844.45905pt x 597.7406pt.
 [21]
File: Distribution.pdf Graphic file (type pdf)
<use Distribution.pdf, page 1>
Package pdftex.def Info: Distribution.pdf , page1 used on input line 369.
(pdftex.def)             Requested size: 844.45905pt x 597.7406pt.
File: Distribution.pdf Graphic file (type pdf)
<use Distribution.pdf, page 1>
Package pdftex.def Info: Distribution.pdf , page1 used on input line 369.
(pdftex.def)             Requested size: 844.45905pt x 597.7406pt.
File: Distribution.pdf Graphic file (type pdf)
<use Distribution.pdf, page 1>
Package pdftex.def Info: Distribution.pdf , page1 used on input line 369.
(pdftex.def)             Requested size: 844.45905pt x 597.7406pt.
 [22 <./Distribution.pdf>]
<stardelta.pdf, id=183, 845.1575pt x 598.235pt>
File: stardelta.pdf Graphic file (type pdf)
<use stardelta.pdf>
Package pdftex.def Info: stardelta.pdf  used on input line 370.
(pdftex.def)             Requested size: 845.15544pt x 598.23354pt.
File: stardelta.pdf Graphic file (type pdf)
<use stardelta.pdf>
Package pdftex.def Info: stardelta.pdf  used on input line 370.
(pdftex.def)             Requested size: 845.15544pt x 598.23354pt.
<stardelta.pdf, id=186, page=1, 845.1575pt x 598.235pt>
File: stardelta.pdf Graphic file (type pdf)
<use stardelta.pdf, page 1>
Package pdftex.def Info: stardelta.pdf , page1 used on input line 370.
(pdftex.def)             Requested size: 845.15544pt x 598.23354pt.
File: stardelta.pdf Graphic file (type pdf)
<use stardelta.pdf, page 1>
Package pdftex.def Info: stardelta.pdf , page1 used on input line 370.
(pdftex.def)             Requested size: 844.45905pt x 597.7406pt.
File: stardelta.pdf Graphic file (type pdf)
<use stardelta.pdf, page 1>
Package pdftex.def Info: stardelta.pdf , page1 used on input line 370.
(pdftex.def)             Requested size: 844.45905pt x 597.7406pt.
File: stardelta.pdf Graphic file (type pdf)
<use stardelta.pdf, page 1>
Package pdftex.def Info: stardelta.pdf , page1 used on input line 370.
(pdftex.def)             Requested size: 844.45905pt x 597.7406pt.
File: stardelta.pdf Graphic file (type pdf)
<use stardelta.pdf, page 1>
Package pdftex.def Info: stardelta.pdf , page1 used on input line 370.
(pdftex.def)             Requested size: 844.45905pt x 597.7406pt.
 [23 <./stardelta.pdf>]
<menchat.jpg, id=195, 5033.80624pt x 3355.53625pt>
File: menchat.jpg Graphic file (type jpg)
<use menchat.jpg>
Package pdftex.def Info: menchat.jpg  used on input line 395.
(pdftex.def)             Requested size: 341.43306pt x 227.58975pt.
 [24]
<manplan.jpg, id=200, 4476.725pt x 2984.14874pt>
File: manplan.jpg Graphic file (type jpg)
<use manplan.jpg>
Package pdftex.def Info: manplan.jpg  used on input line 400.
(pdftex.def)             Requested size: 341.43306pt x 227.58086pt.
 [25 <./menchat.jpg> <./manplan.jpg>]
<multimeter.jpg, id=204, 3445.87375pt x 2293.56876pt>
File: multimeter.jpg Graphic file (type jpg)
<use multimeter.jpg>
Package pdftex.def Info: multimeter.jpg  used on input line 406.
(pdftex.def)             Requested size: 341.43306pt x 227.23549pt.
<fix.jpg, id=205, 462.528pt x 308.352pt>
File: fix.jpg Graphic file (type jpg)
<use fix.jpg>
Package pdftex.def Info: fix.jpg  used on input line 412.
(pdftex.def)             Requested size: 341.43306pt x 227.63112pt.
 [26 <./multimeter.jpg>]
<energize.jpg, id=209, 462.528pt x 346.896pt>
File: energize.jpg Graphic file (type jpg)
<use energize.jpg>
Package pdftex.def Info: energize.jpg  used on input line 417.
(pdftex.def)             Requested size: 341.43306pt x 256.08499pt.
 [27 <./fix.jpg> <./energize.jpg>]
Overfull \hbox (30.281pt too wide) in paragraph at lines 432--444
[] 
 []

<arcdetector.jpg, id=213, 437.2335pt x 437.2335pt>
File: arcdetector.jpg Graphic file (type jpg)
<use arcdetector.jpg>
Package pdftex.def Info: arcdetector.jpg  used on input line 445.
(pdftex.def)             Requested size: 170.71652pt x 170.72052pt.
[28 <./arcdetector.jpg>]
<smokedetector.jpg, id=217, 1017.88733pt x 1017.88733pt>
File: smokedetector.jpg Graphic file (type jpg)
<use smokedetector.jpg>
Package pdftex.def Info: smokedetector.jpg  used on input line 463.
(pdftex.def)             Requested size: 113.81102pt x 113.80069pt.
<flamedetector.jpg, id=218, 398.48875pt x 361.35pt>
File: flamedetector.jpg Graphic file (type jpg)
<use flamedetector.jpg>
Package pdftex.def Info: flamedetector.jpg  used on input line 480.
(pdftex.def)             Requested size: 170.71652pt x 154.80403pt.
 [29 <./smokedetector.jpg> <./flamedetector.jpg>]
<heatdetector.jpg, id=222, 501.875pt x 501.875pt>
File: heatdetector.jpg Graphic file (type jpg)
<use heatdetector.jpg>
Package pdftex.def Info: heatdetector.jpg  used on input line 497.
(pdftex.def)             Requested size: 170.71652pt x 170.71947pt.

[30 <./heatdetector.jpg>]
LaTeX Font Info:    Font shape `OMS/cmr/bx/n' in size <10.95> not available
(Font)              Font shape `OMS/cmsy/b/n' tried instead on input line 501.
<hifog.jpg, id=227, 329.73187pt x 188.20313pt>
File: hifog.jpg Graphic file (type jpg)
<use hifog.jpg>
Package pdftex.def Info: hifog.jpg  used on input line 518.
(pdftex.def)             Requested size: 227.62204pt x 129.92346pt.
<sprinkler.jpg, id=228, 1204.5pt x 1395.2125pt>
File: sprinkler.jpg Graphic file (type jpg)
<use sprinkler.jpg>
Package pdftex.def Info: sprinkler.jpg  used on input line 534.
(pdftex.def)             Requested size: 170.71652pt x 197.7341pt.
 [31 <./hifog.jpg>]
<co2.jpg, id=234, 501.875pt x 364.36125pt>
File: co2.jpg Graphic file (type jpg)
<use co2.jpg>
Package pdftex.def Info: co2.jpg  used on input line 551.
(pdftex.def)             Requested size: 227.62204pt x 165.25645pt.
 [32 <./sprinkler.jpg> <./co2.jpg>]
<extin.jpg, id=238, 1811.568pt x 1209.318pt>
File: extin.jpg Graphic file (type jpg)
<use extin.jpg>
Package pdftex.def Info: extin.jpg  used on input line 567.
(pdftex.def)             Requested size: 341.43306pt x 227.90909pt.
[33 <./extin.jpg>]
Underfull \hbox (badness 1383) in paragraph at lines 585--587
\OT1/cmr/m/n/10.95 Out Pro-gram 2018 https://www.ehs.ucsb.edu/general-safety/en
ergy-isolation-lock-
 []

[34] (./main.aux) ) 
Here is how much of TeX's memory you used:
 17618 strings out of 492616
 344289 string characters out of 6135178
 417374 words of memory out of 5000000
 21101 multiletter control sequences out of 15000+600000
 11946 words of font info for 42 fonts, out of 8000000 for 9000
 1141 hyphenation exceptions out of 8191
 62i,18n,81p,1322b,529s stack positions out of 5000i,500n,10000p,200000b,80000s
</usr/share/texmf-dist/fonts/type1/public/amsfonts/cm/cmbsy1
0.pfb></usr/share/texmf-dist/fonts/type1/public/amsfonts/cm/cmbx10.pfb></usr/sh
are/texmf-dist/fonts/type1/public/amsfonts/cm/cmbx12.pfb></usr/share/texmf-dist
/fonts/type1/public/amsfonts/cm/cmbx8.pfb></usr/share/texmf-dist/fonts/type1/pu
blic/amsfonts/cm/cmcsc10.pfb></usr/share/texmf-dist/fonts/type1/public/amsfonts
/cm/cmmi10.pfb></usr/share/texmf-dist/fonts/type1/public/amsfonts/cm/cmmi8.pfb>
</usr/share/texmf-dist/fonts/type1/public/amsfonts/cm/cmr10.pfb></usr/share/tex
mf-dist/fonts/type1/public/amsfonts/cm/cmr12.pfb></usr/share/texmf-dist/fonts/t
ype1/public/amsfonts/cm/cmr8.pfb></usr/share/texmf-dist/fonts/type1/public/amsf
onts/cm/cmsy10.pfb></usr/share/texmf-dist/fonts/type1/public/amsfonts/cm/cmti10
.pfb></usr/share/texmf-dist/fonts/type1/public/amsfonts/cm/cmti12.pfb>
Output written on main.pdf (35 pages, 25331198 bytes).
PDF statistics:
 289 PDF objects out of 1000 (max. 8388607)
 139 compressed objects within 2 object streams
 0 named destinations out of 1000 (max. 500000)
 399 words of extra memory for PDF output out of 10000 (max. 10000000)

